<?xml version="1.0" encoding="UTF-8"?>
<!-- Generated by org.testng.reporters.JUnitReportReporter -->
<testsuite hostname="7A2A00VBLM5DFA1" name="com.autotest.testcase.Login" tests="1" failures="0" timestamp="21 Jul 2016 07:15:26 GMT" time="8.365" errors="0">
  <testcase name="LoginTest" time="8.365" classname="com.autotest.testcase.Login"/>
</testsuite> <!-- com.autotest.testcase.Login -->
