<?xml version="1.0" encoding="UTF-8"?>
<!-- Generated by org.testng.reporters.JUnitReportReporter -->
<testsuite hostname="7A2A00VBLM5DFA1" name="com.autotest.testcase.Login" tests="1" failures="0" timestamp="21 Jul 2016 10:20:17 GMT" time="4.028" errors="0">
  <testcase name="LoginTest" time="4.028" classname="com.autotest.testcase.Login"/>
</testsuite> <!-- com.autotest.testcase.Login -->
